Build started 1/8/2015 11:38:43 PM.
     1>Project "C:\Users\User\git\First-RPG\First-RPG\First-RPG.vcxproj" on node 2 (build target(s)).
     1>PrepareForBuild:
         Creating directory "C:\Users\User\git\First-RPG\Debug\".
       InitializeBuildStatus:
         Creating "Debug\First-RPG.unsuccessfulbuild" because "AlwaysCreate" was specified.
       ClCompile:
         C:\Program Files (x86)\Microsoft Visual Studio 10.0\VC\bin\CL.exe /c /I"C:\Users\User\Documents\Visual Studio 2010\Libraries\SDL2-2.0.3\include" /I"C:\Users\User\Documents\Visual Studio 2010\Libraries\SDL2_mixer-2.0.0\include" /I"C:\Users\User\Documents\Visual Studio 2010\Libraries\SDL2_image-2.0.0\include" /ZI /nologo /W3 /WX- /Od /Oy- /D WIN32 /D _DEBUG /D _CONSOLE /D _UNICODE /D UNICODE /Gm /EHsc /RTC1 /MDd /GS /fp:precise /Zc:wchar_t /Zc:forScope /Fo"Debug\\" /Fd"Debug\vc100.pdb" /Gd /TP /analyze- /errorReport:prompt "First-RPG.cpp"
         First-RPG.cpp
       Link:
         C:\Program Files (x86)\Microsoft Visual Studio 10.0\VC\bin\link.exe /ERRORREPORT:PROMPT /OUT:"C:\Users\User\git\First-RPG\Debug\First-RPG.exe" /INCREMENTAL:NO /NOLOGO /LIBPATH:"C:\Users\User\Documents\Visual Studio 2010\Libraries\SDL2-2.0.3\lib\x86" /LIBPATH:"C:\Users\User\Documents\Visual Studio 2010\Libraries\SDL2_image-2.0.0\lib\x86" /LIBPATH:"C:\Users\User\Documents\Visual Studio 2010\Libraries\SDL2_mixer-2.0.0\lib\x86" SDL2.lib SDL2main.lib SDL2_mixer.lib SDL2_image.lib kernel32.lib user32.lib gdi32.lib winspool.lib comdlg32.lib advapi32.lib shell32.lib ole32.lib oleaut32.lib uuid.lib odbc32.lib odbccp32.lib /MANIFEST /ManifestFile:"Debug\First-RPG.exe.intermediate.manifest" /MANIFESTUAC:"level='asInvoker' uiAccess='false'" /DEBUG /PDB:"C:\Users\User\git\First-RPG\Debug\First-RPG.pdb" /SUBSYSTEM:CONSOLE /TLBID:1 /DYNAMICBASE /NXCOMPAT /IMPLIB:"C:\Users\User\git\First-RPG\Debug\First-RPG.lib" /MACHINE:X86 "Debug\First-RPG.obj"
     1>First-RPG.obj : warning LNK4075: ignoring '/EDITANDCONTINUE' due to '/INCREMENTAL:NO' specification
         First-RPG.vcxproj -> C:\Users\User\git\First-RPG\Debug\First-RPG.exe
       Manifest:
         C:\Program Files (x86)\Microsoft SDKs\Windows\v7.0A\bin\mt.exe /nologo /verbose /outputresource:"C:\Users\User\git\First-RPG\Debug\First-RPG.exe;#1" /manifest "Debug\First-RPG.exe.intermediate.manifest"
       FinalizeBuildStatus:
         Deleting file "Debug\First-RPG.unsuccessfulbuild".
         Touching "Debug\First-RPG.lastbuildstate".
     1>Done Building Project "C:\Users\User\git\First-RPG\First-RPG\First-RPG.vcxproj" (build target(s)).

Build succeeded.

Time Elapsed 00:00:00.88
